{
  "RSpec": {
    "coverage": {
      "/Users/Home/Desktop/jumpstart/store_engine/config/environment.rb": [
        null,
        1,
        null,
        null,
        1
      ],
      "/Users/Home/Desktop/jumpstart/store_engine/config/application.rb": [
        1,
        null,
        null,
        1,
        1,
        1,
        1,
        1,
        null,
        null,
        1,
        null,
        1,
        null,
        null,
        null,
        null,
        1,
        1,
        null,
        null,
        null,
        null,
        null,
        null,
        null,
        null,
        null,
        null,
        null,
        null,
        null,
        null,
        null,
        null,
        null,
        null,
        null,
        null,
        null,
        null,
        null,
        1,
        null,
        null,
        1,
        null,
        null,
        1,
        null,
        null,
        null,
        null,
        null,
        null,
        null,
        null,
        null,
        null,
        1,
        null,
        null,
        1,
        null,
        null,
        1,
        null,
        null
      ],
      "/Users/Home/Desktop/jumpstart/store_engine/config/boot.rb": [
        1,
        null,
        null,
        1,
        null,
        1
      ],
      "/Users/Home/Desktop/jumpstart/store_engine/config/environments/test.rb": [
        1,
        null,
        null,
        null,
        null,
        null,
        null,
        1,
        null,
        null,
        1,
        1,
        null,
        null,
        1,
        null,
        null,
        1,
        1,
        null,
        null,
        1,
        null,
        null,
        1,
        null,
        null,
        null,
        null,
        1,
        null,
        null,
        1,
        null,
        null,
        1,
        null
      ],
      "/Users/Home/Desktop/jumpstart/store_engine/config/initializers/backtrace_silencers.rb": [
        null,
        null,
        null,
        null,
        null,
        null,
        null
      ],
      "/Users/Home/Desktop/jumpstart/store_engine/config/initializers/inflections.rb": [
        null,
        null,
        null,
        null,
        null,
        null,
        null,
        null,
        null,
        null,
        null,
        null,
        null,
        null,
        null
      ],
      "/Users/Home/Desktop/jumpstart/store_engine/config/initializers/mime_types.rb": [
        null,
        null,
        null,
        null,
        null
      ],
      "/Users/Home/Desktop/jumpstart/store_engine/config/initializers/secret_token.rb": [
        null,
        null,
        null,
        null,
        null,
        null,
        1
      ],
      "/Users/Home/Desktop/jumpstart/store_engine/config/initializers/session_store.rb": [
        null,
        null,
        1,
        null,
        null,
        null,
        null,
        null
      ],
      "/Users/Home/Desktop/jumpstart/store_engine/config/initializers/wrap_parameters.rb": [
        null,
        null,
        null,
        null,
        null,
        null,
        1,
        1,
        null,
        null,
        null,
        1,
        1,
        null
      ],
      "/Users/Home/Desktop/jumpstart/store_engine/app/controllers/application_controller.rb": [
        1,
        1,
        1,
        null,
        1,
        null,
        1,
        33,
        null,
        8,
        8,
        8,
        null,
        null
      ],
      "/Users/Home/Desktop/jumpstart/store_engine/app/helpers/application_helper.rb": [
        1,
        null
      ],
      "/Users/Home/Desktop/jumpstart/store_engine/app/controllers/cart_items_controller.rb": [
        1,
        1,
        4,
        4,
        4,
        null,
        null,
        null,
        1,
        1,
        1,
        null,
        null
      ],
      "/Users/Home/Desktop/jumpstart/store_engine/app/models/cart_item.rb": [
        1,
        1,
        1,
        1,
        null
      ],
      "/Users/Home/Desktop/jumpstart/store_engine/app/controllers/carts_controller.rb": [
        1,
        1,
        null,
        null,
        1,
        null,
        null,
        null
      ],
      "/Users/Home/Desktop/jumpstart/store_engine/app/models/cart.rb": [
        1,
        1,
        1,
        null
      ],
      "/Users/Home/Desktop/jumpstart/store_engine/app/controllers/categories_controller.rb": [
        1,
        1,
        1,
        null,
        null
      ],
      "/Users/Home/Desktop/jumpstart/store_engine/app/models/category.rb": [
        1,
        1,
        1,
        null
      ],
      "/Users/Home/Desktop/jumpstart/store_engine/app/controllers/store_controller.rb": [
        1,
        1,
        12,
        12,
        null,
        null
      ],
      "/Users/Home/Desktop/jumpstart/store_engine/app/models/product.rb": [
        1,
        1,
        1,
        1,
        null
      ],
      "/Users/Home/Desktop/jumpstart/store_engine/config/routes.rb": [
        1,
        1,
        1,
        1,
        1,
        null
      ],
      "/Users/Home/Desktop/jumpstart/store_engine/spec/integration/view_store_spec.rb": [
        1,
        null,
        1,
        1,
        1,
        1,
        null,
        null,
        1,
        1,
        1,
        1,
        1,
        1,
        null,
        null,
        null,
        1,
        1,
        1,
        1,
        1,
        1,
        null,
        1,
        1,
        1,
        1,
        null,
        null
      ],
      "/Users/Home/Desktop/jumpstart/store_engine/spec/models/cart_spec.rb": [
        1,
        null,
        1,
        1,
        1,
        1,
        1,
        1,
        1,
        null,
        null,
        1,
        1,
        1,
        null,
        null
      ],
      "/Users/Home/Desktop/jumpstart/store_engine/spec/models/category_spec.rb": [
        1,
        null,
        1,
        1,
        1,
        1,
        null,
        null
      ],
      "/Users/Home/Desktop/jumpstart/store_engine/spec/models/product_spec.rb": [
        1,
        null,
        1,
        1,
        null
      ]
    },
    "timestamp": 1379377486
  }
}
